ERROR: Error loading GDExtension configuration file: 'res://BoidsExe/addons/debug_draw_3d/debug_draw_3d.gdextension'.
   at: parse_gdextension_file (core/extension/gdextension_library_loader.cpp:275)
ERROR: GDExtension dynamic library not found: 'res://BoidsExe/addons/debug_draw_3d/debug_draw_3d.gdextension'.
   at: open_library (core/extension/gdextension.cpp:701)
ERROR: Error loading extension: 'res://BoidsExe/addons/debug_draw_3d/debug_draw_3d.gdextension'.
   at: load_extensions (core/extension/gdextension_manager.cpp:291)
Godot Engine v4.4.1.stable.mono.arch_linux - https://godotengine.org
Vulkan 1.4.305 - Forward+ - Using Device #0: Intel - Intel(R) Iris(R) Plus Graphics (ICL GT1.5)

CsgToolkit: Loaded Config
ERROR: BUG: Unreferenced static string to 0: luminance_buffers
   at: unref (core/string/string_name.cpp:142)
ERROR: BUG: Unreferenced static string to 0: color_upscaled
   at: unref (core/string/string_name.cpp:142)
ERROR: BUG: Unreferenced static string to 0: rb_ssil
   at: unref (core/string/string_name.cpp:142)
ERROR: BUG: Unreferenced static string to 0: reflection
   at: unref (core/string/string_name.cpp:142)
ERROR: BUG: Unreferenced static string to 0: rb_ssao
   at: unref (core/string/string_name.cpp:142)
ERROR: BUG: Unreferenced static string to 0: final
   at: unref (core/string/string_name.cpp:142)
ERROR: BUG: Unreferenced static string to 0: blur_0
   at: unref (core/string/string_name.cpp:142)
ERROR: BUG: Unreferenced static string to 0: back_color
   at: unref (core/string/string_name.cpp:142)
ERROR: BUG: Unreferenced static string to 0: back_depth
   at: unref (core/string/string_name.cpp:142)
ERROR: BUG: Unreferenced static string to 0: normal_roughness
   at: unref (core/string/string_name.cpp:142)
ERROR: BUG: Unreferenced static string to 0: VRS
   at: unref (core/string/string_name.cpp:142)
ERROR: BUG: Unreferenced static string to 0: Fog
   at: unref (core/string/string_name.cpp:142)
ERROR: BUG: Unreferenced static string to 0: sdfgi
   at: unref (core/string/string_name.cpp:142)
ERROR: BUG: Unreferenced static string to 0: servers
   at: unref (core/string/string_name.cpp:144)
ERROR: BUG: Unreferenced static string to 0: _enter_world
   at: unref (core/string/string_name.cpp:142)
ERROR: BUG: Unreferenced static string to 0: .
   at: unref (core/string/string_name.cpp:144)
ERROR: BUG: Unreferenced static string to 0: Variant
   at: unref (core/string/string_name.cpp:142)
ERROR: BUG: Unreferenced static string to 0: @export_range
   at: unref (core/string/string_name.cpp:144)
ERROR: BUG: Unreferenced static string to 0: @export_multiline
   at: unref (core/string/string_name.cpp:144)
ERROR: BUG: Unreferenced static string to 0: @export_enum
   at: unref (core/string/string_name.cpp:144)
ERROR: BUG: Unreferenced static string to 0: @export_node_path
   at: unref (core/string/string_name.cpp:144)
ERROR: BUG: Unreferenced static string to 0: @export
   at: unref (core/string/string_name.cpp:144)
ERROR: BUG: Unreferenced static string to 0: @export_subgroup
   at: unref (core/string/string_name.cpp:144)
ERROR: BUG: Unreferenced static string to 0: @warning_ignore_restore
   at: unref (core/string/string_name.cpp:144)
ERROR: BUG: Unreferenced static string to 0: @export_category
   at: unref (core/string/string_name.cpp:144)
ERROR: BUG: Unreferenced static string to 0: @export_flags
   at: unref (core/string/string_name.cpp:144)
ERROR: BUG: Unreferenced static string to 0: @tool
   at: unref (core/string/string_name.cpp:144)
ERROR: BUG: Unreferenced static string to 0: @warning_ignore_start
   at: unref (core/string/string_name.cpp:144)
ERROR: BUG: Unreferenced static string to 0: @export_group
   at: unref (core/string/string_name.cpp:144)
ERROR: BUG: Unreferenced static string to 0: @export_placeholder
   at: unref (core/string/string_name.cpp:144)
ERROR: BUG: Unreferenced static string to 0: @warning_ignore
   at: unref (core/string/string_name.cpp:144)
ERROR: BUG: Unreferenced static string to 0: @icon
   at: unref (core/string/string_name.cpp:144)
ERROR: 7 RID allocations of type '23NavMeshGeometryParser2D' were leaked at exit.
ERROR: 6 RID allocations of type '23NavMeshGeometryParser3D' were leaked at exit.
ERROR: Pages in use exist at exit in PagedAllocator: N7Variant5Pools11BucketLargeE
   at: ~PagedAllocator (./core/templates/paged_allocator.h:170)
ERROR: Pages in use exist at exit in PagedAllocator: N7Variant5Pools12BucketMediumE
   at: ~PagedAllocator (./core/templates/paged_allocator.h:170)
ERROR: Pages in use exist at exit in PagedAllocator: N7Variant5Pools11BucketSmallE
   at: ~PagedAllocator (./core/templates/paged_allocator.h:170)
ERROR: BUG: Unreferenced static string to 0: current_animation_changed
   at: unref (core/string/string_name.cpp:142)
ERROR: BUG: Unreferenced static string to 0: autoshrink_changed
   at: unref (core/string/string_name.cpp:142)
ERROR: BUG: Unreferenced static string to 0: interface_added
   at: unref (core/string/string_name.cpp:144)
ERROR: BUG: Unreferenced static string to 0: frame_pre_draw
   at: unref (core/string/string_name.cpp:144)
ERROR: BUG: Unreferenced static string to 0: frame_post_draw
   at: unref (core/string/string_name.cpp:144)
ERROR: BUG: Unreferenced static string to 0: SceneReplicationInterface
   at: unref (core/string/string_name.cpp:144)
ERROR: BUG: Unreferenced static string to 0: physics_frame
   at: unref (core/string/string_name.cpp:144)
ERROR: BUG: Unreferenced static string to 0: JoltPhysicsDirectSpaceState3D
   at: unref (core/string/string_name.cpp:144)
ERROR: BUG: Unreferenced static string to 0: bus_renamed
   at: unref (core/string/string_name.cpp:144)
ERROR: BUG: Unreferenced static string to 0: bus_layout_changed
   at: unref (core/string/string_name.cpp:144)
ERROR: BUG: Unreferenced static string to 0: node_changed
   at: unref (core/string/string_name.cpp:142)
ERROR: BUG: Unreferenced static string to 0: SceneCacheInterface
   at: unref (core/string/string_name.cpp:144)
ERROR: BUG: Unreferenced static string to 0: ThemeContext
   at: unref (core/string/string_name.cpp:144)
ERROR: BUG: Unreferenced static string to 0: RenderBufferDataForwardClustered
   at: unref (core/string/string_name.cpp:144)
ERROR: BUG: Unreferenced static string to 0: camera_feed_added
   at: unref (core/string/string_name.cpp:144)
ERROR: BUG: Unreferenced static string to 0: SceneRPCInterface
   at: unref (core/string/string_name.cpp:144)
ERROR: BUG: Unreferenced static string to 0: animation_player_changed
   at: unref (core/string/string_name.cpp:142)
ERROR: BUG: Unreferenced static string to 0: fallback_changed
   at: unref (core/string/string_name.cpp:144)
ERROR: BUG: Unreferenced static string to 0: RenderBuffersGI
   at: unref (core/string/string_name.cpp:144)
ERROR: BUG: Unreferenced static string to 0: animation_libraries_updated
   at: unref (core/string/string_name.cpp:142)
ERROR: BUG: Unreferenced static string to 0: mixer_applied
   at: unref (core/string/string_name.cpp:142)
ERROR: BUG: Unreferenced static string to 0: mixer_updated
   at: unref (core/string/string_name.cpp:142)
ERROR: BUG: Unreferenced static string to 0: animation_list_changed
   at: unref (core/string/string_name.cpp:142)
ERROR: BUG: Unreferenced static string to 0: caches_cleared
   at: unref (core/string/string_name.cpp:142)
SCRIPT ERROR: Invalid access to property or key 'global_transform' on a base object of type 'Camera3D'.
          at: handle_input (res://addons/Free fly camera/Src/free_fly_startup.gd:103)
ERROR: Condition "ce.error != Callable::CallError::CALL_OK" is true. Returning: Variant()
   at: _get_default_variant_for_data_type (modules/gdscript/gdscript_vm.cpp:144)
SCRIPT ERROR: Internal error getting property: quaternion
          at: rotate_player (res://addons/Free fly camera/Src/free_fly_startup.gd:138)
ERROR: Condition "ce.error != Callable::CallError::CALL_OK" is true. Returning: Variant()
   at: _get_default_variant_for_data_type (modules/gdscript/gdscript_vm.cpp:144)
ERROR: Parameter "classinfo" is null.
   at: setup_csharp_script_binding (modules/mono/csharp_script.cpp:1140)
ERROR: Condition "!script_binding.inited" is true. Returning: { nullptr }
   at: godotsharp_internal_unmanaged_get_instance_binding_managed (modules/mono/glue/runtime_interop.cpp:245)
ERROR: Parameter "classinfo" is null.
   at: setup_csharp_script_binding (modules/mono/csharp_script.cpp:1140)
ERROR: Condition "!script_binding.inited" is true. Returning: { nullptr }
   at: godotsharp_internal_unmanaged_instance_binding_create_managed (modules/mono/glue/runtime_interop.cpp:258)
ERROR: FATAL: Condition "!rc_owner" is true.
   at: _instance_binding_reference_callback (modules/mono/csharp_script.cpp:1246)
ERROR: BUG: Unreferenced static string to 0: child_exiting_tree
   at: unref (core/string/string_name.cpp:144)
ERROR: BUG: Unreferenced static string to 0: child_entered_tree
   at: unref (core/string/string_name.cpp:144)
